[35m[Appium][39m Welcome to Appium v1.15.1
[35m[Appium][39m Non-default server args:
[35m[Appium][39m   port: 59829
[35m[Appium][39m   loglevel: info
[35m[Appium][39m   chromeDriverPort: 59830
[35m[Appium][39m   tmpDir: C:\Users\User\AppData\Local\Temp\\Katalon\Appium\Temp1594013032454
[35m[Appium][39m Appium REST http interface listener started on 0.0.0.0:59829
[35m[HTTP][39m [37m-->[39m [37mGET[39m [37m/wd/hub/status[39m
[35m[HTTP][39m [90m{}[39m
[35m[HTTP][39m [37m<-- GET /wd/hub/status [39m[32m200[39m [90m14 ms - 68[39m
[35m[HTTP][39m [90m[39m
[35m[HTTP][39m [37m-->[39m [37mGET[39m [37m/wd/hub/status[39m
[35m[HTTP][39m [90m{}[39m
[35m[HTTP][39m [37m<-- GET /wd/hub/status [39m[32m200[39m [90m3 ms - 68[39m
[35m[HTTP][39m [90m[39m
[35m[HTTP][39m [37m-->[39m [37mPOST[39m [37m/wd/hub/session[39m
[35m[HTTP][39m [90m{"desiredCapabilities":{"app":"C:\\Users\\User\\Katalon Studio\\SehatQ_Android\\AndroidApp\\sehatq_production.apk","noReset":true,"deviceName":"samsung SM-A520F (Android 8.0.0)","fullReset":false,"platform":"ANDROID","newCommandTimeout":1800,"platformVersion":"8.0.0","automationName":"uiautomator2","autoGrantPermissions":true,"platformName":"Android","udid":"5200cb11b280b491","systemPort":59836},"capabilities":{"firstMatch":[{"appium:app":"C:\\Users\\User\\Katalon Studio\\SehatQ_Android\\AndroidApp\\sehatq_production.apk","appium:autoGrantPermissions":true,"appium:automationName":"uiautomator2","appium:deviceName":"samsung SM-A520F (Android 8.0.0)","appium:fullReset":false,"appium:newCommandTimeout":1800,"appium:noReset":true,"platform":"ANDROID","platformName":"android","appium:platformVersion":"8.0.0","appium:systemPort":59836,"appium:udid":"5200cb11b280b491"}]}}[39m
[35m[BaseDriver][39m The capabilities ["platform"] are not standard capabilities and should have an extension prefix
[35m[Appium][39m Appium v1.15.1 creating new AndroidUiautomator2Driver (v1.37.2) session
[35m[BaseDriver][39m The following capabilities were provided, but are not recognized by Appium:
[35m[BaseDriver][39m   platform
[35m[BaseDriver][39m Session created with session id: 0706c078-fa59-432a-a51e-f6822bb81893
[35m[BaseDriver][39m Using local app 'C:\Users\User\Katalon Studio\SehatQ_Android\AndroidApp\sehatq_production.apk'
[35m[ADB][39m Found 1 'build-tools' folders under 'C:\Users\User\.katalon\tools\android_sdk' (newest first):
[35m[ADB][39m     C:/Users/User/.katalon/tools/android_sdk/build-tools/29.0.2
[35m[ADB][39m Using 'adb.exe' from 'C:\Users\User\.katalon\tools\android_sdk\platform-tools\adb.exe'
[35m[AndroidDriver][39m Retrieving device list
[35m[AndroidDriver][39m Using device: 5200cb11b280b491
[35m[ADB][39m Using 'adb.exe' from 'C:\Users\User\.katalon\tools\android_sdk\platform-tools\adb.exe'
[35m[ADB][39m Using the alternative activity name detection method because of: Could not find 'apkanalyzer.bat' in ["C:\\Users\\User\\.katalon\\tools\\android_sdk\\platform-tools\\apkanalyzer.bat","C:\\Users\\User\\.katalon\\tools\\android_sdk\\emulator\\apkanalyzer.bat","C:\\Users\\User\\.katalon\\tools\\android_sdk\\tools\\apkanalyzer.bat","C:\\Users\\User\\.katalon\\tools\\android_sdk\\tools\\bin\\apkanalyzer.bat","C:\\Users\\User\\.katalon\\tools\\android_sdk\\build-tools\\29.0.2\\apkanalyzer.bat"]. Do you have Android Build Tools installed at 'C:\Users\User\.katalon\tools\android_sdk'?
[35m[ADB][39m Using 'aapt.exe' from 'C:\Users\User\.katalon\tools\android_sdk\build-tools\29.0.2\aapt.exe'
[35m[ADB][39m Extracting package and launch activity from manifest
[35m[ADB][39m Package name: 'com.she.sehatq'
[35m[ADB][39m Main activity name: 'com.she.sehatq.view.intro.SplashActivity'
[35m[ADB][39m Cannot extract apk info using apkanalyzer. Falling back to aapt. Original error: Could not find 'apkanalyzer.bat' in ["C:\\Users\\User\\.katalon\\tools\\android_sdk\\platform-tools\\apkanalyzer.bat","C:\\Users\\User\\.katalon\\tools\\android_sdk\\emulator\\apkanalyzer.bat","C:\\Users\\User\\.katalon\\tools\\android_sdk\\tools\\apkanalyzer.bat","C:\\Users\\User\\.katalon\\tools\\android_sdk\\tools\\bin\\apkanalyzer.bat","C:\\Users\\User\\.katalon\\tools\\android_sdk\\build-tools\\29.0.2\\apkanalyzer.bat"]. Do you have Android Build Tools installed at 'C:\Users\User\.katalon\tools\android_sdk'?
[35m[ADB][39m Cannot extract apk info using apkanalyzer. Falling back to aapt. Original error: Could not find 'apkanalyzer.bat' in ["C:\\Users\\User\\.katalon\\tools\\android_sdk\\platform-tools\\apkanalyzer.bat","C:\\Users\\User\\.katalon\\tools\\android_sdk\\emulator\\apkanalyzer.bat","C:\\Users\\User\\.katalon\\tools\\android_sdk\\tools\\apkanalyzer.bat","C:\\Users\\User\\.katalon\\tools\\android_sdk\\tools\\bin\\apkanalyzer.bat","C:\\Users\\User\\.katalon\\tools\\android_sdk\\build-tools\\29.0.2\\apkanalyzer.bat"]. Do you have Android Build Tools installed at 'C:\Users\User\.katalon\tools\android_sdk'?
[35m[ADB][39m Using 'apksigner.bat' from 'C:\Users\User\.katalon\tools\android_sdk\build-tools\29.0.2\apksigner.bat'
[35m[UiAutomator2][39m Server packages are not going to be (re)installed
[35m[ADB][39m Cannot extract apk info using apkanalyzer. Falling back to aapt. Original error: Could not find 'apkanalyzer.bat' in ["C:\\Users\\User\\.katalon\\tools\\android_sdk\\platform-tools\\apkanalyzer.bat","C:\\Users\\User\\.katalon\\tools\\android_sdk\\emulator\\apkanalyzer.bat","C:\\Users\\User\\.katalon\\tools\\android_sdk\\tools\\apkanalyzer.bat","C:\\Users\\User\\.katalon\\tools\\android_sdk\\tools\\bin\\apkanalyzer.bat","C:\\Users\\User\\.katalon\\tools\\android_sdk\\build-tools\\29.0.2\\apkanalyzer.bat"]. Do you have Android Build Tools installed at 'C:\Users\User\.katalon\tools\android_sdk'?
[35m[UiAutomator2][39m Starting UIAutomator2 server 4.3.0
[35m[UiAutomator2][39m Using UIAutomator2 server from 'C:\Users\User\AppData\Roaming\npm\node_modules\appium\node_modules\appium-uiautomator2-server\apks\appium-uiautomator2-server-v4.3.0.apk' and test from 'C:\Users\User\AppData\Roaming\npm\node_modules\appium\node_modules\appium-uiautomator2-server\apks\appium-uiautomator2-server-debug-androidTest.apk'
[35m[UiAutomator2][39m Waiting up to 30000ms for UiAutomator2 to be online...
[35m[WD Proxy][39m Got an unexpected response with status undefined: {"code":"ECONNRESET"}
[35m[WD Proxy][39m Got an unexpected response with status undefined: {"code":"ECONNRESET"}
[35m[WD Proxy][39m Got an unexpected response with status undefined: {"code":"ECONNRESET"}
[35m[WD Proxy][39m Determined the downstream protocol as 'W3C'
[35m[AndroidDriver][39m Screen already unlocked, doing nothing
[35m[UiAutomator2][39m Starting 'com.she.sehatq/com.she.sehatq.view.intro.SplashActivity and waiting for 'com.she.sehatq/com.she.sehatq.view.intro.SplashActivity'
[35m[Appium][39m New AndroidUiautomator2Driver session created successfully, session 0706c078-fa59-432a-a51e-f6822bb81893 added to master session list
[35m[HTTP][39m [37m<-- POST /wd/hub/session [39m[32m200[39m [90m17436 ms - 1289[39m
[35m[HTTP][39m [90m[39m
[35m[HTTP][39m [37m-->[39m [37mGET[39m [37m/wd/hub/session/0706c078-fa59-432a-a51e-f6822bb81893[39m
[35m[HTTP][39m [90m{}[39m
[35m[HTTP][39m [37m<-- GET /wd/hub/session/0706c078-fa59-432a-a51e-f6822bb81893 [39m[32m200[39m [90m191 ms - 1221[39m
[35m[HTTP][39m [90m[39m
[35m[HTTP][39m [37m-->[39m [37mGET[39m [37m/wd/hub/session/0706c078-fa59-432a-a51e-f6822bb81893[39m
[35m[HTTP][39m [90m{}[39m
[35m[HTTP][39m [37m<-- GET /wd/hub/session/0706c078-fa59-432a-a51e-f6822bb81893 [39m[32m200[39m [90m59 ms - 1221[39m
[35m[HTTP][39m [90m[39m
[35m[HTTP][39m [37m-->[39m [37mGET[39m [37m/wd/hub/status[39m
[35m[HTTP][39m [90m{}[39m
[35m[HTTP][39m [37m<-- GET /wd/hub/status [39m[32m200[39m [90m3 ms - 68[39m
[35m[HTTP][39m [90m[39m
[35m[HTTP][39m [37m-->[39m [37mPOST[39m [37m/wd/hub/session/0706c078-fa59-432a-a51e-f6822bb81893/timeouts[39m
[35m[HTTP][39m [90m{"implicit":60000}[39m
[35m[HTTP][39m [37m<-- POST /wd/hub/session/0706c078-fa59-432a-a51e-f6822bb81893/timeouts [39m[32m200[39m [90m16 ms - 14[39m
[35m[HTTP][39m [90m[39m
[35m[HTTP][39m [37m-->[39m [37mGET[39m [37m/wd/hub/session/0706c078-fa59-432a-a51e-f6822bb81893/source[39m
[35m[HTTP][39m [90m{}[39m
[35m[W3C (0706c078)][39m Driver proxy active, passing request on via HTTP proxy
[35m[WD Proxy][39m Replacing sessionId a390a650-7667-4558-b513-41cda8e845fd with 0706c078-fa59-432a-a51e-f6822bb81893
[35m[HTTP][39m [37m<-- GET /wd/hub/session/0706c078-fa59-432a-a51e-f6822bb81893/source [39m[32m200[39m [90m229 ms - 3142[39m
[35m[HTTP][39m [90m[39m
[35m[HTTP][39m [37m-->[39m [37mGET[39m [37m/wd/hub/session/0706c078-fa59-432a-a51e-f6822bb81893/screenshot[39m
[35m[HTTP][39m [90m{}[39m
[35m[HTTP][39m [37m<-- GET /wd/hub/session/0706c078-fa59-432a-a51e-f6822bb81893/screenshot [39m[32m200[39m [90m1259 ms - 416532[39m
[35m[HTTP][39m [90m[39m
[35m[HTTP][39m [37m-->[39m [37mGET[39m [37m/wd/hub/session/0706c078-fa59-432a-a51e-f6822bb81893/window/rect[39m
[35m[HTTP][39m [90m{}[39m
[35m[HTTP][39m [37m<-- GET /wd/hub/session/0706c078-fa59-432a-a51e-f6822bb81893/window/rect [39m[32m200[39m [90m111 ms - 50[39m
[35m[HTTP][39m [90m[39m
[35m[HTTP][39m [37m-->[39m [37mPOST[39m [37m/wd/hub/session/0706c078-fa59-432a-a51e-f6822bb81893/elements[39m
[35m[HTTP][39m [90m{"using":"xpath","value":"//hierarchy/android.widget.FrameLayout[1]/android.widget.LinearLayout[1]/android.widget.FrameLayout[1]/android.widget.LinearLayout[1]/android.widget.FrameLayout[1]/android.view.ViewGroup[1]"}[39m
[35m[HTTP][39m [37m<-- POST /wd/hub/session/0706c078-fa59-432a-a51e-f6822bb81893/elements [39m[32m200[39m [90m1167 ms - 139[39m
[35m[HTTP][39m [90m[39m
[35m[HTTP][39m [37m-->[39m [37mGET[39m [37m/wd/hub/session/0706c078-fa59-432a-a51e-f6822bb81893/element/34b2a45f-ebd7-4c82-905b-bf44af70f160/location[39m
[35m[HTTP][39m [90m{}[39m
[35m[W3C (0706c078)][39m Driver proxy active, passing request on via HTTP proxy
[35m[WD Proxy][39m Replacing sessionId a390a650-7667-4558-b513-41cda8e845fd with 0706c078-fa59-432a-a51e-f6822bb81893
[35m[HTTP][39m [37m<-- GET /wd/hub/session/0706c078-fa59-432a-a51e-f6822bb81893/element/34b2a45f-ebd7-4c82-905b-bf44af70f160/location [39m[32m200[39m [90m110 ms - 75[39m
[35m[HTTP][39m [90m[39m
[35m[HTTP][39m [37m-->[39m [37mPOST[39m [37m/wd/hub/session/0706c078-fa59-432a-a51e-f6822bb81893/touch/perform[39m
[35m[HTTP][39m [90m{"actions":[{"action":"tap","options":{"x":1,"y":1,"element":"34b2a45f-ebd7-4c82-905b-bf44af70f160"}}]}[39m
[35m[UiAutomator2][39m calling get location: 34b2a45f-ebd7-4c82-905b-bf44af70f160
[35m[HTTP][39m [37m<-- POST /wd/hub/session/0706c078-fa59-432a-a51e-f6822bb81893/touch/perform [39m[32m200[39m [90m111 ms - 14[39m
[35m[HTTP][39m [90m[39m
[35m[HTTP][39m [37m-->[39m [37mGET[39m [37m/wd/hub/session/0706c078-fa59-432a-a51e-f6822bb81893/source[39m
[35m[HTTP][39m [90m{}[39m
[35m[W3C (0706c078)][39m Driver proxy active, passing request on via HTTP proxy
[35m[WD Proxy][39m Replacing sessionId a390a650-7667-4558-b513-41cda8e845fd with 0706c078-fa59-432a-a51e-f6822bb81893
[35m[HTTP][39m [37m<-- GET /wd/hub/session/0706c078-fa59-432a-a51e-f6822bb81893/source [39m[32m200[39m [90m1339 ms - 7282[39m
[35m[HTTP][39m [90m[39m
[35m[HTTP][39m [37m-->[39m [37mGET[39m [37m/wd/hub/session/0706c078-fa59-432a-a51e-f6822bb81893/screenshot[39m
[35m[HTTP][39m [90m{}[39m
[35m[HTTP][39m [37m<-- GET /wd/hub/session/0706c078-fa59-432a-a51e-f6822bb81893/screenshot [39m[32m200[39m [90m886 ms - 117962[39m
[35m[HTTP][39m [90m[39m
[35m[HTTP][39m [37m-->[39m [37mGET[39m [37m/wd/hub/session/0706c078-fa59-432a-a51e-f6822bb81893/window/rect[39m
[35m[HTTP][39m [90m{}[39m
[35m[HTTP][39m [37m<-- GET /wd/hub/session/0706c078-fa59-432a-a51e-f6822bb81893/window/rect [39m[32m200[39m [90m70 ms - 50[39m
[35m[HTTP][39m [90m[39m
[35m[HTTP][39m [37m-->[39m [37mPOST[39m [37m/wd/hub/session/0706c078-fa59-432a-a51e-f6822bb81893/elements[39m
[35m[HTTP][39m [90m{"using":"xpath","value":"//hierarchy/android.widget.FrameLayout[1]/android.widget.FrameLayout[1]/android.widget.FrameLayout[1]/android.view.ViewGroup[1]/android.widget.ScrollView[1]/android.widget.LinearLayout[1]/android.widget.LinearLayout[1]/android.widget.LinearLayout[1]/android.widget.LinearLayout[1]/android.widget.Button[2]"}[39m
[35m[HTTP][39m [37m<-- POST /wd/hub/session/0706c078-fa59-432a-a51e-f6822bb81893/elements [39m[32m200[39m [90m232 ms - 139[39m
[35m[HTTP][39m [90m[39m
[35m[HTTP][39m [37m-->[39m [37mGET[39m [37m/wd/hub/session/0706c078-fa59-432a-a51e-f6822bb81893/element/2d61f913-f376-43f8-a62f-662d29505c70/location[39m
[35m[HTTP][39m [90m{}[39m
[35m[W3C (0706c078)][39m Driver proxy active, passing request on via HTTP proxy
[35m[WD Proxy][39m Replacing sessionId a390a650-7667-4558-b513-41cda8e845fd with 0706c078-fa59-432a-a51e-f6822bb81893
[35m[HTTP][39m [37m<-- GET /wd/hub/session/0706c078-fa59-432a-a51e-f6822bb81893/element/2d61f913-f376-43f8-a62f-662d29505c70/location [39m[32m200[39m [90m96 ms - 79[39m
[35m[HTTP][39m [90m[39m
[35m[HTTP][39m [37m-->[39m [37mPOST[39m [37m/wd/hub/session/0706c078-fa59-432a-a51e-f6822bb81893/touch/perform[39m
[35m[HTTP][39m [90m{"actions":[{"action":"tap","options":{"x":1,"y":1,"element":"2d61f913-f376-43f8-a62f-662d29505c70"}}]}[39m
[35m[UiAutomator2][39m calling get location: 2d61f913-f376-43f8-a62f-662d29505c70
[35m[HTTP][39m [37m<-- POST /wd/hub/session/0706c078-fa59-432a-a51e-f6822bb81893/touch/perform [39m[32m200[39m [90m131 ms - 14[39m
[35m[HTTP][39m [90m[39m
[35m[HTTP][39m [37m-->[39m [37mGET[39m [37m/wd/hub/session/0706c078-fa59-432a-a51e-f6822bb81893/source[39m
[35m[HTTP][39m [90m{}[39m
[35m[W3C (0706c078)][39m Driver proxy active, passing request on via HTTP proxy
[35m[WD Proxy][39m Replacing sessionId a390a650-7667-4558-b513-41cda8e845fd with 0706c078-fa59-432a-a51e-f6822bb81893
[35m[HTTP][39m [37m<-- GET /wd/hub/session/0706c078-fa59-432a-a51e-f6822bb81893/source [39m[32m200[39m [90m1570 ms - 30305[39m
[35m[HTTP][39m [90m[39m
[35m[HTTP][39m [37m-->[39m [37mGET[39m [37m/wd/hub/session/0706c078-fa59-432a-a51e-f6822bb81893/screenshot[39m
[35m[HTTP][39m [90m{}[39m
[35m[HTTP][39m [37m<-- GET /wd/hub/session/0706c078-fa59-432a-a51e-f6822bb81893/screenshot [39m[32m200[39m [90m991 ms - 421702[39m
[35m[HTTP][39m [90m[39m
[35m[HTTP][39m [37m-->[39m [37mGET[39m [37m/wd/hub/session/0706c078-fa59-432a-a51e-f6822bb81893/window/rect[39m
[35m[HTTP][39m [90m{}[39m
[35m[HTTP][39m [37m<-- GET /wd/hub/session/0706c078-fa59-432a-a51e-f6822bb81893/window/rect [39m[32m200[39m [90m67 ms - 50[39m
[35m[HTTP][39m [90m[39m
[35m[HTTP][39m [37m-->[39m [37mPOST[39m [37m/wd/hub/session/0706c078-fa59-432a-a51e-f6822bb81893/elements[39m
[35m[HTTP][39m [90m{"using":"xpath","value":"//hierarchy/android.widget.FrameLayout[1]/android.widget.LinearLayout[1]/android.widget.FrameLayout[1]/android.widget.LinearLayout[1]/android.widget.FrameLayout[1]/android.view.ViewGroup[1]/android.widget.FrameLayout[2]/android.view.ViewGroup[1]/android.widget.FrameLayout[5]/android.widget.ImageView[1]"}[39m
[35m[HTTP][39m [37m<-- POST /wd/hub/session/0706c078-fa59-432a-a51e-f6822bb81893/elements [39m[32m200[39m [90m517 ms - 139[39m
[35m[HTTP][39m [90m[39m
[35m[HTTP][39m [37m-->[39m [37mGET[39m [37m/wd/hub/session/0706c078-fa59-432a-a51e-f6822bb81893/element/03010e30-0410-4ce3-b1de-655f8b21b73e/location[39m
[35m[HTTP][39m [90m{}[39m
[35m[W3C (0706c078)][39m Driver proxy active, passing request on via HTTP proxy
[35m[WD Proxy][39m Replacing sessionId a390a650-7667-4558-b513-41cda8e845fd with 0706c078-fa59-432a-a51e-f6822bb81893
[35m[HTTP][39m [37m<-- GET /wd/hub/session/0706c078-fa59-432a-a51e-f6822bb81893/element/03010e30-0410-4ce3-b1de-655f8b21b73e/location [39m[32m200[39m [90m58 ms - 79[39m
[35m[HTTP][39m [90m[39m
[35m[HTTP][39m [37m-->[39m [37mPOST[39m [37m/wd/hub/session/0706c078-fa59-432a-a51e-f6822bb81893/touch/perform[39m
[35m[HTTP][39m [90m{"actions":[{"action":"tap","options":{"x":1,"y":1,"element":"03010e30-0410-4ce3-b1de-655f8b21b73e"}}]}[39m
[35m[UiAutomator2][39m calling get location: 03010e30-0410-4ce3-b1de-655f8b21b73e
[35m[HTTP][39m [37m<-- POST /wd/hub/session/0706c078-fa59-432a-a51e-f6822bb81893/touch/perform [39m[32m200[39m [90m112 ms - 14[39m
[35m[HTTP][39m [90m[39m
[35m[HTTP][39m [37m-->[39m [37mGET[39m [37m/wd/hub/session/0706c078-fa59-432a-a51e-f6822bb81893/source[39m
[35m[HTTP][39m [90m{}[39m
[35m[W3C (0706c078)][39m Driver proxy active, passing request on via HTTP proxy
[35m[WD Proxy][39m Replacing sessionId a390a650-7667-4558-b513-41cda8e845fd with 0706c078-fa59-432a-a51e-f6822bb81893
[35m[HTTP][39m [37m<-- GET /wd/hub/session/0706c078-fa59-432a-a51e-f6822bb81893/source [39m[32m200[39m [90m335 ms - 18208[39m
[35m[HTTP][39m [90m[39m
[35m[HTTP][39m [37m-->[39m [37mGET[39m [37m/wd/hub/session/0706c078-fa59-432a-a51e-f6822bb81893/screenshot[39m
[35m[HTTP][39m [90m{}[39m
[35m[HTTP][39m [37m<-- GET /wd/hub/session/0706c078-fa59-432a-a51e-f6822bb81893/screenshot [39m[32m200[39m [90m805 ms - 159572[39m
[35m[HTTP][39m [90m[39m
[35m[HTTP][39m [37m-->[39m [37mGET[39m [37m/wd/hub/session/0706c078-fa59-432a-a51e-f6822bb81893/window/rect[39m
[35m[HTTP][39m [90m{}[39m
[35m[HTTP][39m [37m<-- GET /wd/hub/session/0706c078-fa59-432a-a51e-f6822bb81893/window/rect [39m[32m200[39m [90m56 ms - 50[39m
[35m[HTTP][39m [90m[39m
[35m[HTTP][39m [37m-->[39m [37mPOST[39m [37m/wd/hub/session/0706c078-fa59-432a-a51e-f6822bb81893/elements[39m
[35m[HTTP][39m [90m{"using":"xpath","value":"//hierarchy/android.widget.FrameLayout[1]/android.widget.LinearLayout[1]/android.widget.FrameLayout[1]/android.widget.LinearLayout[1]/android.widget.FrameLayout[1]/android.view.ViewGroup[1]/android.widget.FrameLayout[1]/android.widget.ScrollView[1]/android.view.ViewGroup[1]/android.view.ViewGroup[1]/android.view.ViewGroup[1]/androidx.appcompat.widget.LinearLayoutCompat[1]/android.widget.TextView[1]"}[39m
[35m[HTTP][39m [37m<-- POST /wd/hub/session/0706c078-fa59-432a-a51e-f6822bb81893/elements [39m[32m200[39m [90m461 ms - 139[39m
[35m[HTTP][39m [90m[39m
[35m[HTTP][39m [37m-->[39m [37mGET[39m [37m/wd/hub/session/0706c078-fa59-432a-a51e-f6822bb81893/element/79ab25c2-4959-46ec-b80b-02e30787b56b/location[39m
[35m[HTTP][39m [90m{}[39m
[35m[W3C (0706c078)][39m Driver proxy active, passing request on via HTTP proxy
[35m[WD Proxy][39m Replacing sessionId a390a650-7667-4558-b513-41cda8e845fd with 0706c078-fa59-432a-a51e-f6822bb81893
[35m[HTTP][39m [37m<-- GET /wd/hub/session/0706c078-fa59-432a-a51e-f6822bb81893/element/79ab25c2-4959-46ec-b80b-02e30787b56b/location [39m[32m200[39m [90m70 ms - 77[39m
[35m[HTTP][39m [90m[39m
[35m[HTTP][39m [37m-->[39m [37mPOST[39m [37m/wd/hub/session/0706c078-fa59-432a-a51e-f6822bb81893/touch/perform[39m
[35m[HTTP][39m [90m{"actions":[{"action":"tap","options":{"x":1,"y":1,"element":"79ab25c2-4959-46ec-b80b-02e30787b56b"}}]}[39m
[35m[UiAutomator2][39m calling get location: 79ab25c2-4959-46ec-b80b-02e30787b56b
[35m[HTTP][39m [37m<-- POST /wd/hub/session/0706c078-fa59-432a-a51e-f6822bb81893/touch/perform [39m[32m200[39m [90m127 ms - 14[39m
[35m[HTTP][39m [90m[39m
[35m[HTTP][39m [37m-->[39m [37mGET[39m [37m/wd/hub/session/0706c078-fa59-432a-a51e-f6822bb81893/source[39m
[35m[HTTP][39m [90m{}[39m
[35m[W3C (0706c078)][39m Driver proxy active, passing request on via HTTP proxy
[35m[WD Proxy][39m Replacing sessionId a390a650-7667-4558-b513-41cda8e845fd with 0706c078-fa59-432a-a51e-f6822bb81893
[35m[HTTP][39m [37m<-- GET /wd/hub/session/0706c078-fa59-432a-a51e-f6822bb81893/source [39m[32m200[39m [90m463 ms - 5717[39m
[35m[HTTP][39m [90m[39m
[35m[HTTP][39m [37m-->[39m [37mGET[39m [37m/wd/hub/session/0706c078-fa59-432a-a51e-f6822bb81893/screenshot[39m
[35m[HTTP][39m [90m{}[39m
[35m[HTTP][39m [37m<-- GET /wd/hub/session/0706c078-fa59-432a-a51e-f6822bb81893/screenshot [39m[32m200[39m [90m880 ms - 225888[39m
[35m[HTTP][39m [90m[39m
[35m[HTTP][39m [37m-->[39m [37mGET[39m [37m/wd/hub/session/0706c078-fa59-432a-a51e-f6822bb81893/window/rect[39m
[35m[HTTP][39m [90m{}[39m
[35m[HTTP][39m [37m<-- GET /wd/hub/session/0706c078-fa59-432a-a51e-f6822bb81893/window/rect [39m[32m200[39m [90m43 ms - 50[39m
[35m[HTTP][39m [90m[39m
[35m[HTTP][39m [37m-->[39m [37mPOST[39m [37m/wd/hub/session/0706c078-fa59-432a-a51e-f6822bb81893/elements[39m
[35m[HTTP][39m [90m{"using":"xpath","value":"//hierarchy/android.widget.FrameLayout[1]/android.widget.FrameLayout[1]/android.widget.ListView[1]/android.widget.LinearLayout[1]/android.widget.LinearLayout[1]/android.widget.RelativeLayout[1]/android.widget.TextView[1]"}[39m
[35m[HTTP][39m [37m<-- POST /wd/hub/session/0706c078-fa59-432a-a51e-f6822bb81893/elements [39m[32m200[39m [90m121 ms - 139[39m
[35m[HTTP][39m [90m[39m
[35m[HTTP][39m [37m-->[39m [37mGET[39m [37m/wd/hub/session/0706c078-fa59-432a-a51e-f6822bb81893/element/04f5a182-23cf-4126-85d0-0a60cfe4f265/location[39m
[35m[HTTP][39m [90m{}[39m
[35m[W3C (0706c078)][39m Driver proxy active, passing request on via HTTP proxy
[35m[WD Proxy][39m Replacing sessionId a390a650-7667-4558-b513-41cda8e845fd with 0706c078-fa59-432a-a51e-f6822bb81893
[35m[HTTP][39m [37m<-- GET /wd/hub/session/0706c078-fa59-432a-a51e-f6822bb81893/element/04f5a182-23cf-4126-85d0-0a60cfe4f265/location [39m[32m200[39m [90m48 ms - 78[39m
[35m[HTTP][39m [90m[39m
[35m[HTTP][39m [37m-->[39m [37mPOST[39m [37m/wd/hub/session/0706c078-fa59-432a-a51e-f6822bb81893/touch/perform[39m
[35m[HTTP][39m [90m{"actions":[{"action":"tap","options":{"x":1,"y":1,"element":"04f5a182-23cf-4126-85d0-0a60cfe4f265"}}]}[39m
[35m[UiAutomator2][39m calling get location: 04f5a182-23cf-4126-85d0-0a60cfe4f265
[35m[HTTP][39m [37m<-- POST /wd/hub/session/0706c078-fa59-432a-a51e-f6822bb81893/touch/perform [39m[32m200[39m [90m903 ms - 14[39m
[35m[HTTP][39m [90m[39m
[35m[HTTP][39m [37m-->[39m [37mGET[39m [37m/wd/hub/session/0706c078-fa59-432a-a51e-f6822bb81893/source[39m
[35m[HTTP][39m [90m{}[39m
[35m[W3C (0706c078)][39m Driver proxy active, passing request on via HTTP proxy
[35m[WD Proxy][39m Replacing sessionId a390a650-7667-4558-b513-41cda8e845fd with 0706c078-fa59-432a-a51e-f6822bb81893
[35m[HTTP][39m [37m<-- GET /wd/hub/session/0706c078-fa59-432a-a51e-f6822bb81893/source [39m[32m200[39m [90m153 ms - 8050[39m
[35m[HTTP][39m [90m[39m
[35m[HTTP][39m [37m-->[39m [37mGET[39m [37m/wd/hub/session/0706c078-fa59-432a-a51e-f6822bb81893/screenshot[39m
[35m[HTTP][39m [90m{}[39m
[35m[HTTP][39m [37m<-- GET /wd/hub/session/0706c078-fa59-432a-a51e-f6822bb81893/screenshot [39m[32m200[39m [90m741 ms - 91428[39m
[35m[HTTP][39m [90m[39m
[35m[HTTP][39m [37m-->[39m [37mGET[39m [37m/wd/hub/session/0706c078-fa59-432a-a51e-f6822bb81893/window/rect[39m
[35m[HTTP][39m [90m{}[39m
[35m[HTTP][39m [37m<-- GET /wd/hub/session/0706c078-fa59-432a-a51e-f6822bb81893/window/rect [39m[32m200[39m [90m60 ms - 50[39m
[35m[HTTP][39m [90m[39m
[35m[HTTP][39m [37m-->[39m [37mPOST[39m [37m/wd/hub/session/0706c078-fa59-432a-a51e-f6822bb81893/elements[39m
[35m[HTTP][39m [90m{"using":"xpath","value":"//hierarchy/android.widget.FrameLayout[1]/android.widget.LinearLayout[1]/android.widget.FrameLayout[1]/android.widget.LinearLayout[1]/android.widget.FrameLayout[1]/android.view.ViewGroup[1]/android.widget.FrameLayout[1]/android.view.ViewGroup[1]/android.widget.TextView[1]"}[39m
[35m[HTTP][39m [37m<-- POST /wd/hub/session/0706c078-fa59-432a-a51e-f6822bb81893/elements [39m[32m200[39m [90m177 ms - 139[39m
[35m[HTTP][39m [90m[39m
[35m[HTTP][39m [37m-->[39m [37mGET[39m [37m/wd/hub/session/0706c078-fa59-432a-a51e-f6822bb81893/element/8b88441f-c9f5-48c1-b776-50f7ade0bdd0/location[39m
[35m[HTTP][39m [90m{}[39m
[35m[W3C (0706c078)][39m Driver proxy active, passing request on via HTTP proxy
[35m[WD Proxy][39m Replacing sessionId a390a650-7667-4558-b513-41cda8e845fd with 0706c078-fa59-432a-a51e-f6822bb81893
[35m[HTTP][39m [37m<-- GET /wd/hub/session/0706c078-fa59-432a-a51e-f6822bb81893/element/8b88441f-c9f5-48c1-b776-50f7ade0bdd0/location [39m[32m200[39m [90m46 ms - 77[39m
[35m[HTTP][39m [90m[39m
[35m[HTTP][39m [37m-->[39m [37mPOST[39m [37m/wd/hub/session/0706c078-fa59-432a-a51e-f6822bb81893/touch/perform[39m
[35m[HTTP][39m [90m{"actions":[{"action":"tap","options":{"x":1,"y":1,"element":"8b88441f-c9f5-48c1-b776-50f7ade0bdd0"}}]}[39m
[35m[UiAutomator2][39m calling get location: 8b88441f-c9f5-48c1-b776-50f7ade0bdd0
[35m[HTTP][39m [37m<-- POST /wd/hub/session/0706c078-fa59-432a-a51e-f6822bb81893/touch/perform [39m[32m200[39m [90m136 ms - 14[39m
[35m[HTTP][39m [90m[39m
[35m[HTTP][39m [37m-->[39m [37mGET[39m [37m/wd/hub/session/0706c078-fa59-432a-a51e-f6822bb81893/source[39m
[35m[HTTP][39m [90m{}[39m
[35m[W3C (0706c078)][39m Driver proxy active, passing request on via HTTP proxy
[35m[WD Proxy][39m Replacing sessionId a390a650-7667-4558-b513-41cda8e845fd with 0706c078-fa59-432a-a51e-f6822bb81893
[35m[HTTP][39m [37m<-- GET /wd/hub/session/0706c078-fa59-432a-a51e-f6822bb81893/source [39m[32m200[39m [90m628 ms - 6718[39m
[35m[HTTP][39m [90m[39m
[35m[HTTP][39m [37m-->[39m [37mGET[39m [37m/wd/hub/session/0706c078-fa59-432a-a51e-f6822bb81893/screenshot[39m
[35m[HTTP][39m [90m{}[39m
[35m[HTTP][39m [37m<-- GET /wd/hub/session/0706c078-fa59-432a-a51e-f6822bb81893/screenshot [39m[32m200[39m [90m866 ms - 108240[39m
[35m[HTTP][39m [90m[39m
[35m[HTTP][39m [37m-->[39m [37mGET[39m [37m/wd/hub/session/0706c078-fa59-432a-a51e-f6822bb81893/window/rect[39m
[35m[HTTP][39m [90m{}[39m
[35m[HTTP][39m [37m<-- GET /wd/hub/session/0706c078-fa59-432a-a51e-f6822bb81893/window/rect [39m[32m200[39m [90m42 ms - 50[39m
[35m[HTTP][39m [90m[39m
[35m[HTTP][39m [37m-->[39m [37mPOST[39m [37m/wd/hub/session/0706c078-fa59-432a-a51e-f6822bb81893/elements[39m
[35m[HTTP][39m [90m{"using":"xpath","value":"//hierarchy/android.widget.FrameLayout[1]/android.widget.LinearLayout[1]/android.widget.FrameLayout[1]/android.widget.FrameLayout[1]/android.widget.FrameLayout[1]/android.widget.FrameLayout[1]/android.view.ViewGroup[1]/android.widget.FrameLayout[1]/android.view.ViewGroup[1]/android.widget.TextView[2]"}[39m
[35m[HTTP][39m [37m<-- POST /wd/hub/session/0706c078-fa59-432a-a51e-f6822bb81893/elements [39m[32m200[39m [90m153 ms - 139[39m
[35m[HTTP][39m [90m[39m
[35m[HTTP][39m [37m-->[39m [37mGET[39m [37m/wd/hub/session/0706c078-fa59-432a-a51e-f6822bb81893/element/0ee5cac2-a4a0-44f7-b1d0-844063ac0bca/location[39m
[35m[HTTP][39m [90m{}[39m
[35m[W3C (0706c078)][39m Driver proxy active, passing request on via HTTP proxy
[35m[WD Proxy][39m Replacing sessionId a390a650-7667-4558-b513-41cda8e845fd with 0706c078-fa59-432a-a51e-f6822bb81893
[35m[HTTP][39m [37m<-- GET /wd/hub/session/0706c078-fa59-432a-a51e-f6822bb81893/element/0ee5cac2-a4a0-44f7-b1d0-844063ac0bca/location [39m[32m200[39m [90m42 ms - 78[39m
[35m[HTTP][39m [90m[39m
[35m[HTTP][39m [37m-->[39m [37mPOST[39m [37m/wd/hub/session/0706c078-fa59-432a-a51e-f6822bb81893/touch/perform[39m
[35m[HTTP][39m [90m{"actions":[{"action":"tap","options":{"x":1,"y":1,"element":"0ee5cac2-a4a0-44f7-b1d0-844063ac0bca"}}]}[39m
[35m[UiAutomator2][39m calling get location: 0ee5cac2-a4a0-44f7-b1d0-844063ac0bca
[35m[HTTP][39m [37m<-- POST /wd/hub/session/0706c078-fa59-432a-a51e-f6822bb81893/touch/perform [39m[32m200[39m [90m97 ms - 14[39m
[35m[HTTP][39m [90m[39m
[35m[HTTP][39m [37m-->[39m [37mGET[39m [37m/wd/hub/session/0706c078-fa59-432a-a51e-f6822bb81893/source[39m
[35m[HTTP][39m [90m{}[39m
[35m[W3C (0706c078)][39m Driver proxy active, passing request on via HTTP proxy
[35m[WD Proxy][39m Replacing sessionId a390a650-7667-4558-b513-41cda8e845fd with 0706c078-fa59-432a-a51e-f6822bb81893
[35m[HTTP][39m [37m<-- GET /wd/hub/session/0706c078-fa59-432a-a51e-f6822bb81893/source [39m[32m200[39m [90m938 ms - 23181[39m
[35m[HTTP][39m [90m[39m
[35m[HTTP][39m [37m-->[39m [37mGET[39m [37m/wd/hub/session/0706c078-fa59-432a-a51e-f6822bb81893/screenshot[39m
[35m[HTTP][39m [90m{}[39m
[35m[HTTP][39m [37m<-- GET /wd/hub/session/0706c078-fa59-432a-a51e-f6822bb81893/screenshot [39m[32m200[39m [90m870 ms - 189926[39m
[35m[HTTP][39m [90m[39m
[35m[HTTP][39m [37m-->[39m [37mDELETE[39m [37m/wd/hub/session/0706c078-fa59-432a-a51e-f6822bb81893[39m
[35m[HTTP][39m [90m{}[39m
[35m[Appium][39m Removing session 0706c078-fa59-432a-a51e-f6822bb81893 from our master session list
[35m[HTTP][39m [37m<-- DELETE /wd/hub/session/0706c078-fa59-432a-a51e-f6822bb81893 [39m[32m200[39m [90m446 ms - 14[39m
[35m[HTTP][39m [90m[39m
